<?xml version="1.0" encoding="UTF-8"?>
<testng-results ignored="0" total="1" passed="1" failed="0" skipped="0">
  <reporter-output>
  </reporter-output>
  <suite started-at="2023-08-25T18:02:43 IST" name="Default suite" finished-at="2023-08-25T18:02:45 IST" duration-ms="1756">
    <groups>
    </groups>
    <test started-at="2023-08-25T18:02:43 IST" name="Default test" finished-at="2023-08-25T18:02:45 IST" duration-ms="1756">
      <class name="test.Test_login">
        <test-method is-config="true" signature="init()[pri:0, instance:test.Test_login@6caf0677]" started-at="2023-08-25T18:02:22 IST" name="init" finished-at="2023-08-25T18:02:43 IST" duration-ms="21691" status="PASS">
          <reporter-output>
          </reporter-output>
        </test-method> <!-- init -->
        <test-method is-config="true" signature="Obj()[pri:0, instance:test.Test_login@6caf0677]" started-at="2023-08-25T18:02:43 IST" name="Obj" finished-at="2023-08-25T18:02:43 IST" duration-ms="34" status="PASS">
          <reporter-output>
          </reporter-output>
        </test-method> <!-- Obj -->
        <test-method signature="Cred()[pri:0, instance:test.Test_login@6caf0677]" started-at="2023-08-25T18:02:43 IST" name="Cred" finished-at="2023-08-25T18:02:45 IST" duration-ms="1656" status="PASS">
          <reporter-output>
          </reporter-output>
        </test-method> <!-- Cred -->
      </class> <!-- test.Test_login -->
    </test> <!-- Default test -->
  </suite> <!-- Default suite -->
</testng-results>
